android/app/build/intermediates/manifest_merge_blame_file/debug/manifest-merger-blame-debug-report.txt
1<?xml version="1.0" encoding="utf-8"?>
2<manifest xmlns:android="http://schemas.android.com/apk/res/android"
3    package="com.bcb"
4    android:versionCode="1"
5    android:versionName="1.0" >
6
7    <uses-sdk
7-->src/main/AndroidManifest.xml:38:5-39:101
8        android:minSdkVersion="23"
8-->src/main/AndroidManifest.xml:38:45-71
9        android:targetSdkVersion="33" />
9-->src/main/AndroidManifest.xml:38:15-44
10
11    <uses-permission android:name="android.permission.SYSTEM_ALERT_WINDOW" />
11-->src/main/AndroidManifest.xml:9:5-78
11-->src/main/AndroidManifest.xml:9:22-75
12    <uses-permission android:name="android.permission.INTERNET" />
12-->src/main/AndroidManifest.xml:5:5-67
12-->src/main/AndroidManifest.xml:5:22-64
13    <uses-permission android:name="android.permission.READ_EXTERNAL_STORAGE" />
13-->src/main/AndroidManifest.xml:6:5-80
13-->src/main/AndroidManifest.xml:6:22-77
14    <uses-permission android:name="android.permission.WRITE_EXTERNAL_STORAGE" />
14-->src/main/AndroidManifest.xml:7:5-8:40
14-->src/main/AndroidManifest.xml:7:22-78
15    <uses-permission android:name="android.permission.ACCESS_NETWORK_STATE" />
15-->src/main/AndroidManifest.xml:10:5-79
15-->src/main/AndroidManifest.xml:10:22-76
16    <uses-permission android:name="android.permission.CAMERA" />
16-->src/main/AndroidManifest.xml:11:5-65
16-->src/main/AndroidManifest.xml:11:22-62
17    <uses-permission android:name="android.permission.DOWNLOAD_WITHOUT_NOTIFICATION" /> <!-- Permissions added for wifi state -->
17-->src/main/AndroidManifest.xml:12:5-88
17-->src/main/AndroidManifest.xml:12:22-85
18    <uses-permission android:name="android.permission.ACCESS_WIFI_STATE" />
18-->src/main/AndroidManifest.xml:15:5-76
18-->src/main/AndroidManifest.xml:15:22-73
19    <uses-permission android:name="android.permission.CHANGE_WIFI_STATE" />
19-->src/main/AndroidManifest.xml:16:5-76
19-->src/main/AndroidManifest.xml:16:22-73
20    <uses-permission android:name="android.permission.ACCESS_NETWORK_STATE" />
20-->src/main/AndroidManifest.xml:10:5-79
20-->src/main/AndroidManifest.xml:10:22-76
21    <uses-permission android:name="android.permission.ACCESS_COARSE_LOCATION" />
21-->src/main/AndroidManifest.xml:18:5-81
21-->src/main/AndroidManifest.xml:18:22-78
22    <uses-permission android:name="android.permission.ACCESS_FINE_LOCATION" />
22-->src/main/AndroidManifest.xml:19:5-79
22-->src/main/AndroidManifest.xml:19:22-76
23    <uses-permission android:name="android.permission.GET_TASKS" />
23-->src/main/AndroidManifest.xml:21:5-67
23-->src/main/AndroidManifest.xml:21:22-65
24    <uses-permission android:name="android.permission.KILL_BACKGROUND_PROCESSES" />
24-->src/main/AndroidManifest.xml:22:5-83
24-->src/main/AndroidManifest.xml:22:22-81
25
26    <uses-feature
26-->src/main/AndroidManifest.xml:24:5-26:36
27        android:name="android.hardware.camera"
27-->src/main/AndroidManifest.xml:25:9-47
28        android:required="false" />
28-->src/main/AndroidManifest.xml:26:9-33
29    <uses-feature
29-->src/main/AndroidManifest.xml:27:5-29:36
30        android:name="android.hardware.camera.front"
30-->src/main/AndroidManifest.xml:28:9-53
31        android:required="false" />
31-->src/main/AndroidManifest.xml:29:9-33
32
33    <uses-permission android:name="android.permission.WRITE_CONTACTS" />
33-->src/main/AndroidManifest.xml:31:5-73
33-->src/main/AndroidManifest.xml:31:22-70
34    <uses-permission android:name="android.permission.READ_CONTACTS" />
34-->src/main/AndroidManifest.xml:32:5-72
34-->src/main/AndroidManifest.xml:32:22-69
35    <uses-permission android:name="android.permission.ACCESS_FINE_LOCATION" />
35-->src/main/AndroidManifest.xml:19:5-79
35-->src/main/AndroidManifest.xml:19:22-76
36    <uses-permission android:name="android.permission.USE_FINGERPRINT" />
36-->src/main/AndroidManifest.xml:36:5-74
36-->src/main/AndroidManifest.xml:36:22-71
37
38    <queries>
38-->src/main/AndroidManifest.xml:41:1-46:11
39        <intent>
39-->src/main/AndroidManifest.xml:42:5-45:14
40            <action android:name="android.intent.action.VIEW" />
40-->src/main/AndroidManifest.xml:43:9-61
40-->src/main/AndroidManifest.xml:43:17-58
41
42            <data android:mimeType="*/*" />
42-->src/main/AndroidManifest.xml:44:9-40
42-->src/main/AndroidManifest.xml:44:15-37
43        </intent>
44        <intent>
44-->[:react-native-image-crop-picker] AndroidManifest.xml:10:9-12:18
45            <action android:name="android.media.action.IMAGE_CAPTURE" />
45-->[:react-native-image-crop-picker] AndroidManifest.xml:11:13-73
45-->[:react-native-image-crop-picker] AndroidManifest.xml:11:21-70
46        </intent> <!-- Needs to be explicitly declared on Android R+ -->
47        <package android:name="com.google.android.apps.maps" />
47-->[com.google.android.gms:play-services-maps:18.0.2] AndroidManifest.xml:33:9-64
47-->[com.google.android.gms:play-services-maps:18.0.2] AndroidManifest.xml:33:18-61
48    </queries> <!-- Required to access Google Play Licensing -->
49    <uses-permission android:name="com.android.vending.CHECK_LICENSE" />
49-->[:rn-fetch-blob] AndroidManifest.xml:10:5-73
49-->[:rn-fetch-blob] AndroidManifest.xml:10:22-70
50    <!--
51         Required to keep CPU alive while downloading files
52        (NOT to keep screen awake)
53    -->
54    <uses-permission android:name="android.permission.WAKE_LOCK" />
54-->[:rn-fetch-blob] AndroidManifest.xml:19:5-68
54-->[:rn-fetch-blob] AndroidManifest.xml:19:22-65
55    <uses-permission android:name="android.permission.RECEIVE_BOOT_COMPLETED" />
55-->[androidx.work:work-runtime:2.7.1] AndroidManifest.xml:27:5-81
55-->[androidx.work:work-runtime:2.7.1] AndroidManifest.xml:27:22-78
56    <uses-permission android:name="android.permission.FOREGROUND_SERVICE" /> <!-- Required by older versions of Google Play services to create IID tokens -->
56-->[androidx.work:work-runtime:2.7.1] AndroidManifest.xml:28:5-77
56-->[androidx.work:work-runtime:2.7.1] AndroidManifest.xml:28:22-74
57    <uses-permission android:name="com.google.android.c2dm.permission.RECEIVE" />
57-->[com.google.android.gms:play-services-iid:17.0.0] AndroidManifest.xml:23:5-82
57-->[com.google.android.gms:play-services-iid:17.0.0] AndroidManifest.xml:23:22-79
58
59    <uses-feature
59-->[com.google.android.gms:play-services-maps:18.0.2] AndroidManifest.xml:26:5-28:35
60        android:glEsVersion="0x00020000"
60-->[com.google.android.gms:play-services-maps:18.0.2] AndroidManifest.xml:27:9-41
61        android:required="true" />
61-->[com.google.android.gms:play-services-maps:18.0.2] AndroidManifest.xml:28:9-32
62
63    <permission
63-->[androidx.core:core:1.9.0] AndroidManifest.xml:22:5-24:47
64        android:name="com.bcb.DYNAMIC_RECEIVER_NOT_EXPORTED_PERMISSION"
64-->[androidx.core:core:1.9.0] AndroidManifest.xml:23:9-81
65        android:protectionLevel="signature" />
65-->[androidx.core:core:1.9.0] AndroidManifest.xml:24:9-44
66
67    <uses-permission android:name="com.bcb.DYNAMIC_RECEIVER_NOT_EXPORTED_PERMISSION" />
67-->[androidx.core:core:1.9.0] AndroidManifest.xml:26:5-97
67-->[androidx.core:core:1.9.0] AndroidManifest.xml:26:22-94
68    <uses-permission android:name="com.google.android.finsky.permission.BIND_GET_INSTALL_REFERRER_SERVICE" />
68-->[com.android.installreferrer:installreferrer:1.1.2] AndroidManifest.xml:9:5-110
68-->[com.android.installreferrer:installreferrer:1.1.2] AndroidManifest.xml:9:22-107
69
70    <application
70-->src/main/AndroidManifest.xml:48:5-85:19
71        android:name="com.apix.MainApplication"
71-->src/main/AndroidManifest.xml:49:9-40
72        android:allowBackup="false"
72-->src/main/AndroidManifest.xml:50:9-36
73        android:appComponentFactory="androidx.core.app.CoreComponentFactory"
73-->[androidx.core:core:1.9.0] AndroidManifest.xml:28:18-86
74        android:debuggable="true"
75        android:extractNativeLibs="false"
76        android:icon="@mipmap/ic_launcher"
76-->src/main/AndroidManifest.xml:51:9-43
77        android:label="@string/app_name"
77-->src/main/AndroidManifest.xml:52:9-41
78        android:networkSecurityConfig="@xml/network_security_config"
78-->src/main/AndroidManifest.xml:56:9-69
79        android:requestLegacyExternalStorage="true"
79-->src/main/AndroidManifest.xml:55:9-52
80        android:roundIcon="@mipmap/ic_launcher_round"
80-->src/main/AndroidManifest.xml:53:9-54
81        android:testOnly="true"
82        android:theme="@style/AppTheme"
82-->src/main/AndroidManifest.xml:54:9-40
83        android:usesCleartextTraffic="true" >
83-->src/debug/AndroidManifest.xml:8:9-44
84        <activity
84-->src/debug/AndroidManifest.xml:11:9-111
85            android:name="com.facebook.react.devsupport.DevSettingsActivity"
85-->src/debug/AndroidManifest.xml:11:19-83
86            android:exported="false" />
86-->src/debug/AndroidManifest.xml:11:84-108
87        <activity
87-->src/main/AndroidManifest.xml:57:9-70:20
88            android:name="com.apix.MainActivity"
88-->src/main/AndroidManifest.xml:58:13-41
89            android:configChanges="keyboard|keyboardHidden|orientation|screenLayout|screenSize|smallestScreenSize|uiMode"
89-->src/main/AndroidManifest.xml:59:13-122
90            android:exported="true"
90-->src/main/AndroidManifest.xml:60:13-36
91            android:label="@string/app_name"
91-->src/main/AndroidManifest.xml:61:13-45
92            android:launchMode="singleTask"
92-->src/main/AndroidManifest.xml:62:13-44
93            android:screenOrientation="portrait"
93-->src/main/AndroidManifest.xml:63:13-49
94            android:windowSoftInputMode="adjustPan" >
94-->src/main/AndroidManifest.xml:64:13-52
95            <intent-filter>
95-->src/main/AndroidManifest.xml:65:13-69:29
96                <action android:name="android.intent.action.MAIN" />
96-->src/main/AndroidManifest.xml:66:17-69
96-->src/main/AndroidManifest.xml:66:25-66
97
98                <category android:name="android.intent.category.LAUNCHER" />
98-->src/main/AndroidManifest.xml:67:17-77
98-->src/main/AndroidManifest.xml:67:27-74
99
100                <action android:name="android.intent.action.DOWNLOAD_COMPLETE" />
100-->src/main/AndroidManifest.xml:68:18-82
100-->src/main/AndroidManifest.xml:68:26-80
101            </intent-filter>
102        </activity> <!-- Activity mentioned in the manifest -->
103        <activity android:name="com.apix.NetworkTypeActivity" />
103-->src/main/AndroidManifest.xml:74:9-57
103-->src/main/AndroidManifest.xml:74:19-54
104        <activity android:name="com.apix.LibraryCheck" />
104-->src/main/AndroidManifest.xml:75:9-50
104-->src/main/AndroidManifest.xml:75:19-47
105        <activity
105-->src/main/AndroidManifest.xml:76:9-78:47
106            android:name="com.apix.NetworkType"
106-->src/main/AndroidManifest.xml:77:13-40
107            android:launchMode="singleTask" /> <!-- Till here -->
107-->src/main/AndroidManifest.xml:78:13-44
108        <meta-data
108-->src/main/AndroidManifest.xml:82:9-84:71
109            android:name="com.google.android.geo.API_KEY"
109-->src/main/AndroidManifest.xml:83:13-58
110            android:value="AIzaSyDpCW0wZTt7WzOPNGEn1r28QT2llJN05Z4" />
110-->src/main/AndroidManifest.xml:84:13-68
111
112        <provider
112-->[:react-native-image-crop-picker] AndroidManifest.xml:18:9-26:20
113            android:name="com.reactnative.ivpusic.imagepicker.IvpusicImagePickerFileProvider"
113-->[:react-native-image-crop-picker] AndroidManifest.xml:19:13-94
114            android:authorities="com.bcb.provider"
114-->[:react-native-image-crop-picker] AndroidManifest.xml:20:13-60
115            android:exported="false"
115-->[:react-native-image-crop-picker] AndroidManifest.xml:21:13-37
116            android:grantUriPermissions="true" >
116-->[:react-native-image-crop-picker] AndroidManifest.xml:22:13-47
117            <meta-data
117-->[:react-native-image-crop-picker] AndroidManifest.xml:23:13-25:78
118                android:name="android.support.FILE_PROVIDER_PATHS"
118-->[:react-native-image-crop-picker] AndroidManifest.xml:24:17-67
119                android:resource="@xml/ivpusic_imagepicker_provider_paths" />
119-->[:react-native-image-crop-picker] AndroidManifest.xml:25:17-75
120        </provider>
121
122        <activity
122-->[:react-native-image-crop-picker] AndroidManifest.xml:28:9-30:72
123            android:name="com.yalantis.ucrop.UCropActivity"
123-->[:react-native-image-crop-picker] AndroidManifest.xml:29:13-60
124            android:theme="@style/Theme.AppCompat.Light.NoActionBar" />
124-->[:react-native-image-crop-picker] AndroidManifest.xml:30:13-69
125
126        <provider
126-->[:react-native-share] AndroidManifest.xml:10:9-18:20
127            android:name="cl.json.RNShareFileProvider"
127-->[:react-native-share] AndroidManifest.xml:11:13-55
128            android:authorities="com.bcb.rnshare.fileprovider"
128-->[:react-native-share] AndroidManifest.xml:12:13-72
129            android:exported="false"
129-->[:react-native-share] AndroidManifest.xml:13:13-37
130            android:grantUriPermissions="true" >
130-->[:react-native-share] AndroidManifest.xml:14:13-47
131            <meta-data
131-->[:react-native-image-crop-picker] AndroidManifest.xml:23:13-25:78
132                android:name="android.support.FILE_PROVIDER_PATHS"
132-->[:react-native-image-crop-picker] AndroidManifest.xml:24:17-67
133                android:resource="@xml/share_download_paths" />
133-->[:react-native-image-crop-picker] AndroidManifest.xml:25:17-75
134        </provider>
135        <provider
135-->[:rn-fetch-blob] AndroidManifest.xml:34:9-42:20
136            android:name="com.RNFetchBlob.Utils.FileProvider"
136-->[:rn-fetch-blob] AndroidManifest.xml:35:13-62
137            android:authorities="com.bcb.provider"
137-->[:rn-fetch-blob] AndroidManifest.xml:36:13-60
138            android:exported="false"
138-->[:rn-fetch-blob] AndroidManifest.xml:37:13-37
139            android:grantUriPermissions="true" >
139-->[:rn-fetch-blob] AndroidManifest.xml:38:13-47
140            <meta-data
140-->[:react-native-image-crop-picker] AndroidManifest.xml:23:13-25:78
141                android:name="android.support.FILE_PROVIDER_PATHS"
141-->[:react-native-image-crop-picker] AndroidManifest.xml:24:17-67
142                android:resource="@xml/provider_paths" />
142-->[:react-native-image-crop-picker] AndroidManifest.xml:25:17-75
143        </provider>
144        <provider
144-->[androidx.work:work-runtime:2.7.1] AndroidManifest.xml:31:9-39:20
145            android:name="androidx.startup.InitializationProvider"
145-->[androidx.work:work-runtime:2.7.1] AndroidManifest.xml:32:13-67
146            android:authorities="com.bcb.androidx-startup"
146-->[androidx.work:work-runtime:2.7.1] AndroidManifest.xml:33:13-68
147            android:exported="false" >
147-->[androidx.work:work-runtime:2.7.1] AndroidManifest.xml:34:13-37
148            <meta-data
148-->[androidx.work:work-runtime:2.7.1] AndroidManifest.xml:36:13-38:52
149                android:name="androidx.work.WorkManagerInitializer"
149-->[androidx.work:work-runtime:2.7.1] AndroidManifest.xml:37:17-68
150                android:value="androidx.startup" />
150-->[androidx.work:work-runtime:2.7.1] AndroidManifest.xml:38:17-49
151            <meta-data
151-->[androidx.emoji2:emoji2:1.2.0] AndroidManifest.xml:29:13-31:52
152                android:name="androidx.emoji2.text.EmojiCompatInitializer"
152-->[androidx.emoji2:emoji2:1.2.0] AndroidManifest.xml:30:17-75
153                android:value="androidx.startup" />
153-->[androidx.emoji2:emoji2:1.2.0] AndroidManifest.xml:31:17-49
154            <meta-data
154-->[androidx.lifecycle:lifecycle-process:2.4.1] AndroidManifest.xml:31:13-33:52
155                android:name="androidx.lifecycle.ProcessLifecycleInitializer"
155-->[androidx.lifecycle:lifecycle-process:2.4.1] AndroidManifest.xml:32:17-78
156                android:value="androidx.startup" />
156-->[androidx.lifecycle:lifecycle-process:2.4.1] AndroidManifest.xml:33:17-49
157        </provider>
158
159        <service
159-->[androidx.work:work-runtime:2.7.1] AndroidManifest.xml:41:9-46:35
160            android:name="androidx.work.impl.background.systemalarm.SystemAlarmService"
160-->[androidx.work:work-runtime:2.7.1] AndroidManifest.xml:42:13-88
161            android:directBootAware="false"
161-->[androidx.work:work-runtime:2.7.1] AndroidManifest.xml:43:13-44
162            android:enabled="@bool/enable_system_alarm_service_default"
162-->[androidx.work:work-runtime:2.7.1] AndroidManifest.xml:44:13-72
163            android:exported="false" />
163-->[androidx.work:work-runtime:2.7.1] AndroidManifest.xml:45:13-37
164        <service
164-->[androidx.work:work-runtime:2.7.1] AndroidManifest.xml:47:9-53:35
165            android:name="androidx.work.impl.background.systemjob.SystemJobService"
165-->[androidx.work:work-runtime:2.7.1] AndroidManifest.xml:48:13-84
166            android:directBootAware="false"
166-->[androidx.work:work-runtime:2.7.1] AndroidManifest.xml:49:13-44
167            android:enabled="@bool/enable_system_job_service_default"
167-->[androidx.work:work-runtime:2.7.1] AndroidManifest.xml:50:13-70
168            android:exported="true"
168-->[androidx.work:work-runtime:2.7.1] AndroidManifest.xml:51:13-36
169            android:permission="android.permission.BIND_JOB_SERVICE" />
169-->[androidx.work:work-runtime:2.7.1] AndroidManifest.xml:52:13-69
170        <service
170-->[androidx.work:work-runtime:2.7.1] AndroidManifest.xml:54:9-59:35
171            android:name="androidx.work.impl.foreground.SystemForegroundService"
171-->[androidx.work:work-runtime:2.7.1] AndroidManifest.xml:55:13-81
172            android:directBootAware="false"
172-->[androidx.work:work-runtime:2.7.1] AndroidManifest.xml:56:13-44
173            android:enabled="@bool/enable_system_foreground_service_default"
173-->[androidx.work:work-runtime:2.7.1] AndroidManifest.xml:57:13-77
174            android:exported="false" />
174-->[androidx.work:work-runtime:2.7.1] AndroidManifest.xml:58:13-37
175
176        <receiver
176-->[androidx.work:work-runtime:2.7.1] AndroidManifest.xml:61:9-66:35
177            android:name="androidx.work.impl.utils.ForceStopRunnable$BroadcastReceiver"
177-->[androidx.work:work-runtime:2.7.1] AndroidManifest.xml:62:13-88
178            android:directBootAware="false"
178-->[androidx.work:work-runtime:2.7.1] AndroidManifest.xml:63:13-44
179            android:enabled="true"
179-->[androidx.work:work-runtime:2.7.1] AndroidManifest.xml:64:13-35
180            android:exported="false" />
180-->[androidx.work:work-runtime:2.7.1] AndroidManifest.xml:65:13-37
181        <receiver
181-->[androidx.work:work-runtime:2.7.1] AndroidManifest.xml:67:9-77:20
182            android:name="androidx.work.impl.background.systemalarm.ConstraintProxy$BatteryChargingProxy"
182-->[androidx.work:work-runtime:2.7.1] AndroidManifest.xml:68:13-106
183            android:directBootAware="false"
183-->[androidx.work:work-runtime:2.7.1] AndroidManifest.xml:69:13-44
184            android:enabled="false"
184-->[androidx.work:work-runtime:2.7.1] AndroidManifest.xml:70:13-36
185            android:exported="false" >
185-->[androidx.work:work-runtime:2.7.1] AndroidManifest.xml:71:13-37
186            <intent-filter>
186-->[androidx.work:work-runtime:2.7.1] AndroidManifest.xml:73:13-76:29
187                <action android:name="android.intent.action.ACTION_POWER_CONNECTED" />
187-->[androidx.work:work-runtime:2.7.1] AndroidManifest.xml:74:17-87
187-->[androidx.work:work-runtime:2.7.1] AndroidManifest.xml:74:25-84
188                <action android:name="android.intent.action.ACTION_POWER_DISCONNECTED" />
188-->[androidx.work:work-runtime:2.7.1] AndroidManifest.xml:75:17-90
188-->[androidx.work:work-runtime:2.7.1] AndroidManifest.xml:75:25-87
189            </intent-filter>
190        </receiver>
191        <receiver
191-->[androidx.work:work-runtime:2.7.1] AndroidManifest.xml:78:9-88:20
192            android:name="androidx.work.impl.background.systemalarm.ConstraintProxy$BatteryNotLowProxy"
192-->[androidx.work:work-runtime:2.7.1] AndroidManifest.xml:79:13-104
193            android:directBootAware="false"
193-->[androidx.work:work-runtime:2.7.1] AndroidManifest.xml:80:13-44
194            android:enabled="false"
194-->[androidx.work:work-runtime:2.7.1] AndroidManifest.xml:81:13-36
195            android:exported="false" >
195-->[androidx.work:work-runtime:2.7.1] AndroidManifest.xml:82:13-37
196            <intent-filter>
196-->[androidx.work:work-runtime:2.7.1] AndroidManifest.xml:84:13-87:29
197                <action android:name="android.intent.action.BATTERY_OKAY" />
197-->[androidx.work:work-runtime:2.7.1] AndroidManifest.xml:85:17-77
197-->[androidx.work:work-runtime:2.7.1] AndroidManifest.xml:85:25-74
198                <action android:name="android.intent.action.BATTERY_LOW" />
198-->[androidx.work:work-runtime:2.7.1] AndroidManifest.xml:86:17-76
198-->[androidx.work:work-runtime:2.7.1] AndroidManifest.xml:86:25-73
199            </intent-filter>
200        </receiver>
201        <receiver
201-->[androidx.work:work-runtime:2.7.1] AndroidManifest.xml:89:9-99:20
202            android:name="androidx.work.impl.background.systemalarm.ConstraintProxy$StorageNotLowProxy"
202-->[androidx.work:work-runtime:2.7.1] AndroidManifest.xml:90:13-104
203            android:directBootAware="false"
203-->[androidx.work:work-runtime:2.7.1] AndroidManifest.xml:91:13-44
204            android:enabled="false"
204-->[androidx.work:work-runtime:2.7.1] AndroidManifest.xml:92:13-36
205            android:exported="false" >
205-->[androidx.work:work-runtime:2.7.1] AndroidManifest.xml:93:13-37
206            <intent-filter>
206-->[androidx.work:work-runtime:2.7.1] AndroidManifest.xml:95:13-98:29
207                <action android:name="android.intent.action.DEVICE_STORAGE_LOW" />
207-->[androidx.work:work-runtime:2.7.1] AndroidManifest.xml:96:17-83
207-->[androidx.work:work-runtime:2.7.1] AndroidManifest.xml:96:25-80
208                <action android:name="android.intent.action.DEVICE_STORAGE_OK" />
208-->[androidx.work:work-runtime:2.7.1] AndroidManifest.xml:97:17-82
208-->[androidx.work:work-runtime:2.7.1] AndroidManifest.xml:97:25-79
209            </intent-filter>
210        </receiver>
211        <receiver
211-->[androidx.work:work-runtime:2.7.1] AndroidManifest.xml:100:9-109:20
212            android:name="androidx.work.impl.background.systemalarm.ConstraintProxy$NetworkStateProxy"
212-->[androidx.work:work-runtime:2.7.1] AndroidManifest.xml:101:13-103
213            android:directBootAware="false"
213-->[androidx.work:work-runtime:2.7.1] AndroidManifest.xml:102:13-44
214            android:enabled="false"
214-->[androidx.work:work-runtime:2.7.1] AndroidManifest.xml:103:13-36
215            android:exported="false" >
215-->[androidx.work:work-runtime:2.7.1] AndroidManifest.xml:104:13-37
216            <intent-filter>
216-->[androidx.work:work-runtime:2.7.1] AndroidManifest.xml:106:13-108:29
217                <action android:name="android.net.conn.CONNECTIVITY_CHANGE" />
217-->[androidx.work:work-runtime:2.7.1] AndroidManifest.xml:107:17-79
217-->[androidx.work:work-runtime:2.7.1] AndroidManifest.xml:107:25-76
218            </intent-filter>
219        </receiver>
220        <receiver
220-->[androidx.work:work-runtime:2.7.1] AndroidManifest.xml:110:9-121:20
221            android:name="androidx.work.impl.background.systemalarm.RescheduleReceiver"
221-->[androidx.work:work-runtime:2.7.1] AndroidManifest.xml:111:13-88
222            android:directBootAware="false"
222-->[androidx.work:work-runtime:2.7.1] AndroidManifest.xml:112:13-44
223            android:enabled="false"
223-->[androidx.work:work-runtime:2.7.1] AndroidManifest.xml:113:13-36
224            android:exported="false" >
224-->[androidx.work:work-runtime:2.7.1] AndroidManifest.xml:114:13-37
225            <intent-filter>
225-->[androidx.work:work-runtime:2.7.1] AndroidManifest.xml:116:13-120:29
226                <action android:name="android.intent.action.BOOT_COMPLETED" />
226-->[androidx.work:work-runtime:2.7.1] AndroidManifest.xml:117:17-79
226-->[androidx.work:work-runtime:2.7.1] AndroidManifest.xml:117:25-76
227                <action android:name="android.intent.action.TIME_SET" />
227-->[androidx.work:work-runtime:2.7.1] AndroidManifest.xml:118:17-73
227-->[androidx.work:work-runtime:2.7.1] AndroidManifest.xml:118:25-70
228                <action android:name="android.intent.action.TIMEZONE_CHANGED" />
228-->[androidx.work:work-runtime:2.7.1] AndroidManifest.xml:119:17-81
228-->[androidx.work:work-runtime:2.7.1] AndroidManifest.xml:119:25-78
229            </intent-filter>
230        </receiver>
231        <receiver
231-->[androidx.work:work-runtime:2.7.1] AndroidManifest.xml:122:9-131:20
232            android:name="androidx.work.impl.background.systemalarm.ConstraintProxyUpdateReceiver"
232-->[androidx.work:work-runtime:2.7.1] AndroidManifest.xml:123:13-99
233            android:directBootAware="false"
233-->[androidx.work:work-runtime:2.7.1] AndroidManifest.xml:124:13-44
234            android:enabled="@bool/enable_system_alarm_service_default"
234-->[androidx.work:work-runtime:2.7.1] AndroidManifest.xml:125:13-72
235            android:exported="false" >
235-->[androidx.work:work-runtime:2.7.1] AndroidManifest.xml:126:13-37
236            <intent-filter>
236-->[androidx.work:work-runtime:2.7.1] AndroidManifest.xml:128:13-130:29
237                <action android:name="androidx.work.impl.background.systemalarm.UpdateProxies" />
237-->[androidx.work:work-runtime:2.7.1] AndroidManifest.xml:129:17-98
237-->[androidx.work:work-runtime:2.7.1] AndroidManifest.xml:129:25-95
238            </intent-filter>
239        </receiver>
240        <receiver
240-->[androidx.work:work-runtime:2.7.1] AndroidManifest.xml:132:9-142:20
241            android:name="androidx.work.impl.diagnostics.DiagnosticsReceiver"
241-->[androidx.work:work-runtime:2.7.1] AndroidManifest.xml:133:13-78
242            android:directBootAware="false"
242-->[androidx.work:work-runtime:2.7.1] AndroidManifest.xml:134:13-44
243            android:enabled="true"
243-->[androidx.work:work-runtime:2.7.1] AndroidManifest.xml:135:13-35
244            android:exported="true"
244-->[androidx.work:work-runtime:2.7.1] AndroidManifest.xml:136:13-36
245            android:permission="android.permission.DUMP" >
245-->[androidx.work:work-runtime:2.7.1] AndroidManifest.xml:137:13-57
246            <intent-filter>
246-->[androidx.work:work-runtime:2.7.1] AndroidManifest.xml:139:13-141:29
247                <action android:name="androidx.work.diagnostics.REQUEST_DIAGNOSTICS" />
247-->[androidx.work:work-runtime:2.7.1] AndroidManifest.xml:140:17-88
247-->[androidx.work:work-runtime:2.7.1] AndroidManifest.xml:140:25-85
248            </intent-filter>
249        </receiver>
250
251        <service
251-->[androidx.room:room-runtime:2.2.5] AndroidManifest.xml:25:9-28:40
252            android:name="androidx.room.MultiInstanceInvalidationService"
252-->[androidx.room:room-runtime:2.2.5] AndroidManifest.xml:26:13-74
253            android:directBootAware="true"
253-->[androidx.room:room-runtime:2.2.5] AndroidManifest.xml:27:13-43
254            android:exported="false" /> <!-- Needs to be explicitly declared on P+ -->
254-->[androidx.room:room-runtime:2.2.5] AndroidManifest.xml:28:13-37
255        <uses-library
255-->[com.google.android.gms:play-services-maps:18.0.2] AndroidManifest.xml:39:9-41:40
256            android:name="org.apache.http.legacy"
256-->[com.google.android.gms:play-services-maps:18.0.2] AndroidManifest.xml:40:13-50
257            android:required="false" />
257-->[com.google.android.gms:play-services-maps:18.0.2] AndroidManifest.xml:41:13-37
258
259        <activity
259-->[com.google.android.gms:play-services-base:18.1.0] AndroidManifest.xml:20:9-22:45
260            android:name="com.google.android.gms.common.api.GoogleApiActivity"
260-->[com.google.android.gms:play-services-base:18.1.0] AndroidManifest.xml:20:19-85
261            android:exported="false"
261-->[com.google.android.gms:play-services-base:18.1.0] AndroidManifest.xml:22:19-43
262            android:theme="@android:style/Theme.Translucent.NoTitleBar" />
262-->[com.google.android.gms:play-services-base:18.1.0] AndroidManifest.xml:21:19-78
263
264        <meta-data
264-->[com.google.android.gms:play-services-basement:18.1.0] AndroidManifest.xml:21:9-23:69
265            android:name="com.google.android.gms.version"
265-->[com.google.android.gms:play-services-basement:18.1.0] AndroidManifest.xml:22:13-58
266            android:value="@integer/google_play_services_version" />
266-->[com.google.android.gms:play-services-basement:18.1.0] AndroidManifest.xml:23:13-66
267    </application>
268
269</manifest>